************* Module project1.authentication
project1/authentication.py:14: [C0111(missing-docstring), logout] Missing function docstring


Report
======
12 statements analysed.

Messages by category
--------------------

+-----------+-------+---------+-----------+
|type       |number |previous |difference |
+===========+=======+=========+===========+
|convention |1      |0        |+1.00      |
+-----------+-------+---------+-----------+
|refactor   |0      |0        |=          |
+-----------+-------+---------+-----------+
|warning    |0      |0        |=          |
+-----------+-------+---------+-----------+
|error      |0      |0        |=          |
+-----------+-------+---------+-----------+



Messages
--------

+------------------+------------+
|message id        |occurrences |
+==================+============+
|missing-docstring |1           |
+------------------+------------+



Global evaluation
-----------------
Your code has been rated at 9.17/10 (previous run: 10.00/10, -0.83)

Statistics by type
------------------

+---------+-------+-----------+-----------+------------+---------+
|type     |number |old number |difference |%documented |%badname |
+=========+=======+===========+===========+============+=========+
|module   |2      |2          |=          |100.00      |0.00     |
+---------+-------+-----------+-----------+------------+---------+
|class    |0      |0          |=          |0           |0        |
+---------+-------+-----------+-----------+------------+---------+
|method   |0      |0          |=          |0           |0        |
+---------+-------+-----------+-----------+------------+---------+
|function |2      |1          |+1.00      |50.00       |0.00     |
+---------+-------+-----------+-----------+------------+---------+



Raw metrics
-----------

+----------+-------+------+---------+-----------+
|type      |number |%     |previous |difference |
+==========+=======+======+=========+===========+
|code      |11     |50.00 |10       |+1.00      |
+----------+-------+------+---------+-----------+
|docstring |6      |27.27 |6        |=          |
+----------+-------+------+---------+-----------+
|comment   |2      |9.09  |2        |=          |
+----------+-------+------+---------+-----------+
|empty     |3      |13.64 |2        |+1.00      |
+----------+-------+------+---------+-----------+



Duplication
-----------

+-------------------------+------+---------+-----------+
|                         |now   |previous |difference |
+=========================+======+=========+===========+
|nb duplicated lines      |0     |0        |=          |
+-------------------------+------+---------+-----------+
|percent duplicated lines |0.000 |0.000    |=          |
+-------------------------+------+---------+-----------+



